js-string-escape:ECONTRACTFAILURE: We compiled the project into contracts, and some of the tests failed.
mongoose-geojson-schema:ECONTRACTFAILURE: We compiled the project into contracts, and some of the tests failed.
file-size:ECONTRACTFAILURE: We compiled the project into contracts, and some of the tests failed.
md5:ECONTRACTFAILURE: We compiled the project into contracts, and some of the tests failed.
karma-brief-reporter:ECONTRACTFAILURE: We compiled the project into contracts, and some of the tests failed.
promise.allsettled:ECONTRACTFAILURE: We compiled the project into contracts, and some of the tests failed.
wcwidth:ECONTRACTFAILURE: We compiled the project into contracts, and some of the tests failed.
node-temperature-converter:ECONTRACTFAILURE: We compiled the project into contracts, and some of the tests failed.
file-exists:ECONTRACTFAILURE: We compiled the project into contracts, and some of the tests failed.
restify-cors-middleware:ECONTRACTFAILURE: We compiled the project into contracts, and some of the tests failed.
html-tableify:ECONTRACTFAILURE: We compiled the project into contracts, and some of the tests failed.
msgpack:ECONTRACTFAILURE: We compiled the project into contracts, and some of the tests failed.
streamtest:ECONTRACTFAILURE: We compiled the project into contracts, and some of the tests failed.
node-dogstatsd:ECONTRACTFAILURE: We compiled the project into contracts, and some of the tests failed.
delete-empty:ECONTRACTFAILURE: We compiled the project into contracts, and some of the tests failed.
envhandlebars:ECONTRACTFAILURE: We compiled the project into contracts, and some of the tests failed.
natural-compare-lite:ECONTRACTFAILURE: We compiled the project into contracts, and some of the tests failed.
nodemailer-mailgun-transport:[1A[1G[1m[31mтип fail  2[0m[1B[1GECONTRACTFAILURE: We compiled the project into contracts, and some of the tests failed.
body-parser-xml:ECONTRACTFAILURE: We compiled the project into contracts, and some of the tests failed.
seededshuffle:ECONTRACTFAILURE: We compiled the project into contracts, and some of the tests failed.
ms:ECONTRACTFAILURE: We compiled the project into contracts, and some of the tests failed.
freshy:ECONTRACTFAILURE: We compiled the project into contracts, and some of the tests failed.
call-bind:ECONTRACTFAILURE: We compiled the project into contracts, and some of the tests failed.
extract-files:ECONTRACTFAILURE: We compiled the project into contracts, and some of the tests failed.
logrotate-stream:ECONTRACTFAILURE: We compiled the project into contracts, and some of the tests failed.
imap-simple:ECONTRACTFAILURE: We compiled the project into contracts, and some of the tests failed.
sbd:ECONTRACTFAILURE: We compiled the project into contracts, and some of the tests failed.
rewire:ECONTRACTFAILURE: We compiled the project into contracts, and some of the tests failed.
quotesy:ECONTRACTFAILURE: We compiled the project into contracts, and some of the tests failed.
koa-webpack:ECONTRACTFAILURE: We compiled the project into contracts, and some of the tests failed.
roll:ECONTRACTFAILURE: We compiled the project into contracts, and some of the tests failed.
hydra-box:ECONTRACTFAILURE: We compiled the project into contracts, and some of the tests failed.
stream-shift:ECONTRACTFAILURE: We compiled the project into contracts, and some of the tests failed.
rdf-dataset-ext:ECONTRACTFAILURE: We compiled the project into contracts, and some of the tests failed.
create-hash:ECONTRACTFAILURE: We compiled the project into contracts, and some of the tests failed.
array.prototype.flat:ECONTRACTFAILURE: We compiled the project into contracts, and some of the tests failed.
url-join:ECONTRACTFAILURE: We compiled the project into contracts, and some of the tests failed.
memory-pager:ECONTRACTFAILURE: We compiled the project into contracts, and some of the tests failed.
kraken-js:ECONTRACTFAILURE: We compiled the project into contracts, and some of the tests failed.
jjv:ECONTRACTFAILURE: We compiled the project into contracts, and some of the tests failed.
text-table:ECONTRACTFAILURE: We compiled the project into contracts, and some of the tests failed.
plantuml-encoder:ECONTRACTFAILURE: We compiled the project into contracts, and some of the tests failed.
gaussian:ECONTRACTFAILURE: We compiled the project into contracts, and some of the tests failed.
preview-email:ECONTRACTFAILURE: We compiled the project into contracts, and some of the tests failed.
gulp-insert:ECONTRACTFAILURE: We compiled the project into contracts, and some of the tests failed.
abbrev:ECONTRACTFAILURE: We compiled the project into contracts, and some of the tests failed.
japanese-characters:ECONTRACTFAILURE: We compiled the project into contracts, and some of the tests failed.
align-text:ECONTRACTFAILURE: We compiled the project into contracts, and some of the tests failed.
require-directory:ECONTRACTFAILURE: We compiled the project into contracts, and some of the tests failed.
workerpool:ECONTRACTFAILURE: We compiled the project into contracts, and some of the tests failed.
uuid-validate:ECONTRACTFAILURE: We compiled the project into contracts, and some of the tests failed.
react-native-safari-view:ECONTRACTFAILURE: We compiled the project into contracts, and some of the tests failed.
graphite-udp:ECONTRACTFAILURE: We compiled the project into contracts, and some of the tests failed.
gulp:ECONTRACTFAILURE: We compiled the project into contracts, and some of the tests failed.
lucene:ECONTRACTFAILURE: We compiled the project into contracts, and some of the tests failed.
du:ECONTRACTFAILURE: We compiled the project into contracts, and some of the tests failed.
swagger-express-validator:ECONTRACTFAILURE: We compiled the project into contracts, and some of the tests failed.
contains-path:ECONTRACTFAILURE: We compiled the project into contracts, and some of the tests failed.
rimraf:ECONTRACTFAILURE: We compiled the project into contracts, and some of the tests failed.
node-apple-receipt-verify:ECONTRACTFAILURE: We compiled the project into contracts, and some of the tests failed.
punycode:ECONTRACTFAILURE: We compiled the project into contracts, and some of the tests failed.
date-utils:ECONTRACTFAILURE: We compiled the project into contracts, and some of the tests failed.
ical:ECONTRACTFAILURE: We compiled the project into contracts, and some of the tests failed.
swagger-express-mw:ECONTRACTFAILURE: We compiled the project into contracts, and some of the tests failed.
object-hash:ECONTRACTFAILURE: We compiled the project into contracts, and some of the tests failed.
dir-walker-gen:ECONTRACTFAILURE: We compiled the project into contracts, and some of the tests failed.
clarinet:ECONTRACTFAILURE: We compiled the project into contracts, and some of the tests failed.
async-busboy:ECONTRACTFAILURE: We compiled the project into contracts, and some of the tests failed.
kissfft-js:ECONTRACTFAILURE: We compiled the project into contracts, and some of the tests failed.
deep-equal:ECONTRACTFAILURE: We compiled the project into contracts, and some of the tests failed.
is-function:ECONTRACTFAILURE: We compiled the project into contracts, and some of the tests failed.
pinyin:ECONTRACTFAILURE: We compiled the project into contracts, and some of the tests failed.
concurrently:ECONTRACTFAILURE: We compiled the project into contracts, and some of the tests failed.
get-image-colors:ECONTRACTFAILURE: We compiled the project into contracts, and some of the tests failed.
dev-ip:ECONTRACTFAILURE: We compiled the project into contracts, and some of the tests failed.
jasminewd2:ECONTRACTFAILURE: We compiled the project into contracts, and some of the tests failed.
cssbeautify:ECONTRACTFAILURE: We compiled the project into contracts, and some of the tests failed.
is-generator-function:ECONTRACTFAILURE: We compiled the project into contracts, and some of the tests failed.
sleep:ECONTRACTFAILURE: We compiled the project into contracts, and some of the tests failed.
ip-subnet-calculator:ECONTRACTFAILURE: We compiled the project into contracts, and some of the tests failed.
fold-to-ascii:ECONTRACTFAILURE: We compiled the project into contracts, and some of the tests failed.
forever-monitor:  ECONTRACTFAILURE: We compiled the project into contracts, and some of the tests failed.
scss-parser:ECONTRACTFAILURE: We compiled the project into contracts, and some of the tests failed.
sonic-boom:ECONTRACTFAILURE: We compiled the project into contracts, and some of the tests failed.
is-valid-domain:ECONTRACTFAILURE: We compiled the project into contracts, and some of the tests failed.
source-list-map:ECONTRACTFAILURE: We compiled the project into contracts, and some of the tests failed.
convert-excel-to-json:ECONTRACTFAILURE: We compiled the project into contracts, and some of the tests failed.
jest-when:ECONTRACTFAILURE: We compiled the project into contracts, and some of the tests failed.
bit-array:ECONTRACTFAILURE: We compiled the project into contracts, and some of the tests failed.
eslint-plugin-markdown:ECONTRACTFAILURE: We compiled the project into contracts, and some of the tests failed.
quick-hash:ECONTRACTFAILURE: We compiled the project into contracts, and some of the tests failed.
node-gettext:ECONTRACTFAILURE: We compiled the project into contracts, and some of the tests failed.
sax-stream:ECONTRACTFAILURE: We compiled the project into contracts, and some of the tests failed.
fibers:ECONTRACTFAILURE: We compiled the project into contracts, and some of the tests failed.
polyline:ECONTRACTFAILURE: We compiled the project into contracts, and some of the tests failed.
platform:ECONTRACTFAILURE: We compiled the project into contracts, and some of the tests failed.
xml-flow:ECONTRACTFAILURE: We compiled the project into contracts, and some of the tests failed.
npm-install-webpack-plugin:ECONTRACTFAILURE: We compiled the project into contracts, and some of the tests failed.
jsdom-global:ECONTRACTFAILURE: We compiled the project into contracts, and some of the tests failed.
parse-mockdb:ECONTRACTFAILURE: We compiled the project into contracts, and some of the tests failed.
kompression:ECONTRACTFAILURE: We compiled the project into contracts, and some of the tests failed.
stack-trace:ECONTRACTFAILURE: We compiled the project into contracts, and some of the tests failed.
line-by-line:ECONTRACTFAILURE: We compiled the project into contracts, and some of the tests failed.
strip-comments:ECONTRACTFAILURE: We compiled the project into contracts, and some of the tests failed.
random-normal:ECONTRACTFAILURE: We compiled the project into contracts, and some of the tests failed.
aes-js:ECONTRACTFAILURE: We compiled the project into contracts, and some of the tests failed.
generic-pool:ECONTRACTFAILURE: We compiled the project into contracts, and some of the tests failed.
commonmark-react-renderer:ECONTRACTFAILURE: We compiled the project into contracts, and some of the tests failed.
gulp-tap:ECONTRACTFAILURE: We compiled the project into contracts, and some of the tests failed.
correlation-id:ECONTRACTFAILURE: We compiled the project into contracts, and some of the tests failed.
github-url-from-git:ECONTRACTFAILURE: We compiled the project into contracts, and some of the tests failed.
express-formidable:ECONTRACTFAILURE: We compiled the project into contracts, and some of the tests failed.
koa-convert:ECONTRACTFAILURE: We compiled the project into contracts, and some of the tests failed.
read:ECONTRACTFAILURE: We compiled the project into contracts, and some of the tests failed.
v8flags:ECONTRACTFAILURE: We compiled the project into contracts, and some of the tests failed.
connect-azuretables:ECONTRACTFAILURE: We compiled the project into contracts, and some of the tests failed.
regenerate:ECONTRACTFAILURE: We compiled the project into contracts, and some of the tests failed.
tsv:ECONTRACTFAILURE: We compiled the project into contracts, and some of the tests failed.
express-fileupload:ECONTRACTFAILURE: We compiled the project into contracts, and some of the tests failed.
cwise:ECONTRACTFAILURE: We compiled the project into contracts, and some of the tests failed.
ps-node:ECONTRACTFAILURE: We compiled the project into contracts, and some of the tests failed.
commondir:ECONTRACTFAILURE: We compiled the project into contracts, and some of the tests failed.
similarity:ECONTRACTFAILURE: We compiled the project into contracts, and some of the tests failed.
moment-strftime2:ECONTRACTFAILURE: We compiled the project into contracts, and some of the tests failed.
setimmediate:ECONTRACTFAILURE: We compiled the project into contracts, and some of the tests failed.
child-process-promise:ECONTRACTFAILURE: We compiled the project into contracts, and some of the tests failed.
multisort:ECONTRACTFAILURE: We compiled the project into contracts, and some of the tests failed.
apidoc:ECONTRACTFAILURE: We compiled the project into contracts, and some of the tests failed.
rate-limit-redis:ECONTRACTFAILURE: We compiled the project into contracts, and some of the tests failed.
ref-struct-di:ECONTRACTFAILURE: We compiled the project into contracts, and some of the tests failed.
parquetjs:ECONTRACTFAILURE: We compiled the project into contracts, and some of the tests failed.
issue-parser:ECONTRACTFAILURE: We compiled the project into contracts, and some of the tests failed.
aws-serverless-express:ECONTRACTFAILURE: We compiled the project into contracts, and some of the tests failed.
bunyan-logentries:ECONTRACTFAILURE: We compiled the project into contracts, and some of the tests failed.
koa-ejs:ECONTRACTFAILURE: We compiled the project into contracts, and some of the tests failed.
prettier-linter-helpers:ECONTRACTFAILURE: We compiled the project into contracts, and some of the tests failed.
filesize-parser:ECONTRACTFAILURE: We compiled the project into contracts, and some of the tests failed.
svg-outline-stroke:ECONTRACTFAILURE: We compiled the project into contracts, and some of the tests failed.
jsreport-client:ECONTRACTFAILURE: We compiled the project into contracts, and some of the tests failed.
natural-compare:ECONTRACTFAILURE: We compiled the project into contracts, and some of the tests failed.
tar-stream:ECONTRACTFAILURE: We compiled the project into contracts, and some of the tests failed.
iban:ECONTRACTFAILURE: We compiled the project into contracts, and some of the tests failed.
url-params:ECONTRACTFAILURE: We compiled the project into contracts, and some of the tests failed.
ascii-art:ECONTRACTFAILURE: We compiled the project into contracts, and some of the tests failed.
encoding-japanese:ECONTRACTFAILURE: We compiled the project into contracts, and some of the tests failed.
immediate:ECONTRACTFAILURE: We compiled the project into contracts, and some of the tests failed.
pino-pretty:ECONTRACTFAILURE: We compiled the project into contracts, and some of the tests failed.
jwt-simple:ECONTRACTFAILURE: We compiled the project into contracts, and some of the tests failed.
end-of-stream:ECONTRACTFAILURE: We compiled the project into contracts, and some of the tests failed.
nprogress:ECONTRACTFAILURE: We compiled the project into contracts, and some of the tests failed.
bristol:ECONTRACTFAILURE: We compiled the project into contracts, and some of the tests failed.
cliff:ECONTRACTFAILURE: We compiled the project into contracts, and some of the tests failed.
damerau-levenshtein:ECONTRACTFAILURE: We compiled the project into contracts, and some of the tests failed.
create-html:ECONTRACTFAILURE: We compiled the project into contracts, and some of the tests failed.
chai-subset:ECONTRACTFAILURE: We compiled the project into contracts, and some of the tests failed.
pwd-strength:ECONTRACTFAILURE: We compiled the project into contracts, and some of the tests failed.
last-element:ECONTRACTFAILURE: We compiled the project into contracts, and some of the tests failed.
minimist:ECONTRACTFAILURE: We compiled the project into contracts, and some of the tests failed.
rfc2047:ECONTRACTFAILURE: We compiled the project into contracts, and some of the tests failed.
sinon-chai:ECONTRACTFAILURE: We compiled the project into contracts, and some of the tests failed.
bloem:ECONTRACTFAILURE: We compiled the project into contracts, and some of the tests failed.
is-generator:ECONTRACTFAILURE: We compiled the project into contracts, and some of the tests failed.
delaunator:ECONTRACTFAILURE: We compiled the project into contracts, and some of the tests failed.
save-pixels:ECONTRACTFAILURE: We compiled the project into contracts, and some of the tests failed.
xml:[?25hECONTRACTFAILURE: We compiled the project into contracts, and some of the tests failed.
radius:ECONTRACTFAILURE: We compiled the project into contracts, and some of the tests failed.
seed-random:ECONTRACTFAILURE: We compiled the project into contracts, and some of the tests failed.
jrf-pip:ECONTRACTFAILURE: We compiled the project into contracts, and some of the tests failed.
osenv:ECONTRACTFAILURE: We compiled the project into contracts, and some of the tests failed.
basicauth-middleware:ECONTRACTFAILURE: We compiled the project into contracts, and some of the tests failed.
is-valid-path:ECONTRACTFAILURE: We compiled the project into contracts, and some of the tests failed.
registry-auth-token:ECONTRACTFAILURE: We compiled the project into contracts, and some of the tests failed.
iterate-value:ECONTRACTFAILURE: We compiled the project into contracts, and some of the tests failed.
resolve-options:ECONTRACTFAILURE: We compiled the project into contracts, and some of the tests failed.
trim:ECONTRACTFAILURE: We compiled the project into contracts, and some of the tests failed.
to-absolute-glob:ECONTRACTFAILURE: We compiled the project into contracts, and some of the tests failed.
sparql-http-client:ECONTRACTFAILURE: We compiled the project into contracts, and some of the tests failed.
mem-fs-editor:ECONTRACTFAILURE: We compiled the project into contracts, and some of the tests failed.
redis-errors:ECONTRACTFAILURE: We compiled the project into contracts, and some of the tests failed.
type-name:ECONTRACTFAILURE: We compiled the project into contracts, and some of the tests failed.
is-number-like:ECONTRACTFAILURE: We compiled the project into contracts, and some of the tests failed.
ps-tree:ECONTRACTFAILURE: We compiled the project into contracts, and some of the tests failed.
s3-streams:ECONTRACTFAILURE: We compiled the project into contracts, and some of the tests failed.
json-parse-better-errors:ECONTRACTFAILURE: We compiled the project into contracts, and some of the tests failed.
jsonabc:ECONTRACTFAILURE: We compiled the project into contracts, and some of the tests failed.
has-package-exports:ECONTRACTFAILURE: We compiled the project into contracts, and some of the tests failed.
string-similarity:ECONTRACTFAILURE: We compiled the project into contracts, and some of the tests failed.
ellipsize:ECONTRACTFAILURE: We compiled the project into contracts, and some of the tests failed.
quick-format-unescaped:ECONTRACTFAILURE: We compiled the project into contracts, and some of the tests failed.
gl-vec2:ECONTRACTFAILURE: We compiled the project into contracts, and some of the tests failed.
mock-req-res:ECONTRACTFAILURE: We compiled the project into contracts, and some of the tests failed.
object-map:ECONTRACTFAILURE: We compiled the project into contracts, and some of the tests failed.
lerna-get-packages:ECONTRACTFAILURE: We compiled the project into contracts, and some of the tests failed.
module-alias:ECONTRACTFAILURE: We compiled the project into contracts, and some of the tests failed.
gulp-watch:ECONTRACTFAILURE: We compiled the project into contracts, and some of the tests failed.
express-unless:ECONTRACTFAILURE: We compiled the project into contracts, and some of the tests failed.
swagger-sails-hook:ECONTRACTFAILURE: We compiled the project into contracts, and some of the tests failed.
windows-1251:ECONTRACTFAILURE: We compiled the project into contracts, and some of the tests failed.
github-label-sync:ECONTRACTFAILURE: We compiled the project into contracts, and some of the tests failed.
jsnox:ECONTRACTFAILURE: We compiled the project into contracts, and some of the tests failed.
textr:ECONTRACTFAILURE: We compiled the project into contracts, and some of the tests failed.
sparse-bitfield:ECONTRACTFAILURE: We compiled the project into contracts, and some of the tests failed.
express-socket.io-session:ECONTRACTFAILURE: We compiled the project into contracts, and some of the tests failed.
is-negated-glob:ECONTRACTFAILURE: We compiled the project into contracts, and some of the tests failed.
mongodb-uri:ECONTRACTFAILURE: We compiled the project into contracts, and some of the tests failed.
xss-filters:ECONTRACTFAILURE: We compiled the project into contracts, and some of the tests failed.
semver:ECONTRACTFAILURE: We compiled the project into contracts, and some of the tests failed.
jwk-to-pem:ECONTRACTFAILURE: We compiled the project into contracts, and some of the tests failed.
repeat-string:ECONTRACTFAILURE: We compiled the project into contracts, and some of the tests failed.
input-moment:ECONTRACTFAILURE: We compiled the project into contracts, and some of the tests failed.
is-core-module:ECONTRACTFAILURE: We compiled the project into contracts, and some of the tests failed.
connect-livereload:ECONTRACTFAILURE: We compiled the project into contracts, and some of the tests failed.
unused-files-webpack-plugin:ECONTRACTFAILURE: We compiled the project into contracts, and some of the tests failed.
jsen:ECONTRACTFAILURE: We compiled the project into contracts, and some of the tests failed.
object.omit:ECONTRACTFAILURE: We compiled the project into contracts, and some of the tests failed.
is-empty:ECONTRACTFAILURE: We compiled the project into contracts, and some of the tests failed.
undertaker-registry:ECONTRACTFAILURE: We compiled the project into contracts, and some of the tests failed.
hasbin:ECONTRACTFAILURE: We compiled the project into contracts, and some of the tests failed.
easy-soap-request:ECONTRACTFAILURE: We compiled the project into contracts, and some of the tests failed.
sat:ECONTRACTFAILURE: We compiled the project into contracts, and some of the tests failed.
fast-fifo:ECONTRACTFAILURE: We compiled the project into contracts, and some of the tests failed.
unzipper:ECONTRACTFAILURE: We compiled the project into contracts, and some of the tests failed.
jsdeferred:ECONTRACTFAILURE: We compiled the project into contracts, and some of the tests failed.
lscache:ECONTRACTFAILURE: We compiled the project into contracts, and some of the tests failed.
yesql:ECONTRACTFAILURE: We compiled the project into contracts, and some of the tests failed.
w3c-hr-time:ECONTRACTFAILURE: We compiled the project into contracts, and some of the tests failed.
jwt-then:ECONTRACTFAILURE: We compiled the project into contracts, and some of the tests failed.
url-parse:ECONTRACTFAILURE: We compiled the project into contracts, and some of the tests failed.
omit-empty:ECONTRACTFAILURE: We compiled the project into contracts, and some of the tests failed.
play-sound:ECONTRACTFAILURE: We compiled the project into contracts, and some of the tests failed.
greek-utils:ECONTRACTFAILURE: We compiled the project into contracts, and some of the tests failed.
koa-bodyparser:ECONTRACTFAILURE: We compiled the project into contracts, and some of the tests failed.
urlencode:ECONTRACTFAILURE: We compiled the project into contracts, and some of the tests failed.
revalidator:ECONTRACTFAILURE: We compiled the project into contracts, and some of the tests failed.
parse-github-url:ECONTRACTFAILURE: We compiled the project into contracts, and some of the tests failed.
fined:ECONTRACTFAILURE: We compiled the project into contracts, and some of the tests failed.
is-even:ECONTRACTFAILURE: We compiled the project into contracts, and some of the tests failed.
through2-map:ECONTRACTFAILURE: We compiled the project into contracts, and some of the tests failed.
b-spline:ECONTRACTFAILURE: We compiled the project into contracts, and some of the tests failed.
gulp-sort:ECONTRACTFAILURE: We compiled the project into contracts, and some of the tests failed.
nodemailer-smtp-pool:ECONTRACTFAILURE: We compiled the project into contracts, and some of the tests failed.
html-parser:ECONTRACTFAILURE: We compiled the project into contracts, and some of the tests failed.
promise-map-limit:ECONTRACTFAILURE: We compiled the project into contracts, and some of the tests failed.
on-wake-up:ECONTRACTFAILURE: We compiled the project into contracts, and some of the tests failed.
folder-hash:ECONTRACTFAILURE: We compiled the project into contracts, and some of the tests failed.
gunzip-maybe:ECONTRACTFAILURE: We compiled the project into contracts, and some of the tests failed.
cookiejar:ECONTRACTFAILURE: We compiled the project into contracts, and some of the tests failed.
human-date:ECONTRACTFAILURE: We compiled the project into contracts, and some of the tests failed.
page-icon:ECONTRACTFAILURE: We compiled the project into contracts, and some of the tests failed.
zipcodes:ECONTRACTFAILURE: We compiled the project into contracts, and some of the tests failed.
jsend:ECONTRACTFAILURE: We compiled the project into contracts, and some of the tests failed.
urlparser:ECONTRACTFAILURE: We compiled the project into contracts, and some of the tests failed.
parse-unit:ECONTRACTFAILURE: We compiled the project into contracts, and some of the tests failed.
slack-winston:ECONTRACTFAILURE: We compiled the project into contracts, and some of the tests failed.
phone-formatter:ECONTRACTFAILURE: We compiled the project into contracts, and some of the tests failed.
point-in-polygon:ECONTRACTFAILURE: We compiled the project into contracts, and some of the tests failed.
cache-manager-fs-hash:ECONTRACTFAILURE: We compiled the project into contracts, and some of the tests failed.
integer:ECONTRACTFAILURE: We compiled the project into contracts, and some of the tests failed.
gulp-less:ECONTRACTFAILURE: We compiled the project into contracts, and some of the tests failed.
copy:ECONTRACTFAILURE: We compiled the project into contracts, and some of the tests failed.
urix:ECONTRACTFAILURE: We compiled the project into contracts, and some of the tests failed.
tar-fs:ECONTRACTFAILURE: We compiled the project into contracts, and some of the tests failed.
mv:ECONTRACTFAILURE: We compiled the project into contracts, and some of the tests failed.
shelljs-exec-proxy:ECONTRACTFAILURE: We compiled the project into contracts, and some of the tests failed.
ngeohash:ECONTRACTFAILURE: We compiled the project into contracts, and some of the tests failed.
xsalsa20:ECONTRACTFAILURE: We compiled the project into contracts, and some of the tests failed.
urban-dictionary:ECONTRACTFAILURE: We compiled the project into contracts, and some of the tests failed.
svg-path-bounding-box:ECONTRACTFAILURE: We compiled the project into contracts, and some of the tests failed.
millisecond:ECONTRACTFAILURE: We compiled the project into contracts, and some of the tests failed.
ssh-key-decrypt:ECONTRACTFAILURE: We compiled the project into contracts, and some of the tests failed.
rdf-loaders-registry:ECONTRACTFAILURE: We compiled the project into contracts, and some of the tests failed.
fast-html-parser:ECONTRACTFAILURE: We compiled the project into contracts, and some of the tests failed.
is-relative-path:ECONTRACTFAILURE: We compiled the project into contracts, and some of the tests failed.
prettyjson:ECONTRACTFAILURE: We compiled the project into contracts, and some of the tests failed.
default-user-agent:ECONTRACTFAILURE: We compiled the project into contracts, and some of the tests failed.
nanp:ECONTRACTFAILURE: We compiled the project into contracts, and some of the tests failed.
react-markings:ECONTRACTFAILURE: We compiled the project into contracts, and some of the tests failed.
radix64:ECONTRACTFAILURE: We compiled the project into contracts, and some of the tests failed.
list-stream:ECONTRACTFAILURE: We compiled the project into contracts, and some of the tests failed.
bloomfilter:  ECONTRACTFAILURE: We compiled the project into contracts, and some of the tests failed.
camouflage-rewrite:ECONTRACTFAILURE: We compiled the project into contracts, and some of the tests failed.
find:ECONTRACTFAILURE: We compiled the project into contracts, and some of the tests failed.
express-handlebars:ECONTRACTFAILURE: We compiled the project into contracts, and some of the tests failed.
bs58check:ECONTRACTFAILURE: We compiled the project into contracts, and some of the tests failed.
object-keys:ECONTRACTFAILURE: We compiled the project into contracts, and some of the tests failed.
lowlight:ECONTRACTFAILURE: We compiled the project into contracts, and some of the tests failed.
requestretry:ECONTRACTFAILURE: We compiled the project into contracts, and some of the tests failed.
express-bunyan-logger:ECONTRACTFAILURE: We compiled the project into contracts, and some of the tests failed.
gravatar-favicons:ECONTRACTFAILURE: We compiled the project into contracts, and some of the tests failed.
pad-left:ECONTRACTFAILURE: We compiled the project into contracts, and some of the tests failed.
gulp-if:ECONTRACTFAILURE: We compiled the project into contracts, and some of the tests failed.
milliseconds:ECONTRACTFAILURE: We compiled the project into contracts, and some of the tests failed.
reconnect-core:ECONTRACTFAILURE: We compiled the project into contracts, and some of the tests failed.
winston-loggly-bulk:ECONTRACTFAILURE: We compiled the project into contracts, and some of the tests failed.
concaveman:ECONTRACTFAILURE: We compiled the project into contracts, and some of the tests failed.
recase:ECONTRACTFAILURE: We compiled the project into contracts, and some of the tests failed.
karma-jasmine-spec-tags:ECONTRACTFAILURE: We compiled the project into contracts, and some of the tests failed.
get-value:ECONTRACTFAILURE: We compiled the project into contracts, and some of the tests failed.
promise-retry:ECONTRACTFAILURE: We compiled the project into contracts, and some of the tests failed.
swagger-hapi:ECONTRACTFAILURE: We compiled the project into contracts, and some of the tests failed.
overload-protection:ECONTRACTFAILURE: We compiled the project into contracts, and some of the tests failed.
is-callable:ECONTRACTFAILURE: We compiled the project into contracts, and some of the tests failed.
events:ECONTRACTFAILURE: We compiled the project into contracts, and some of the tests failed.
jest-json-schema:ECONTRACTFAILURE: We compiled the project into contracts, and some of the tests failed.
f1:ECONTRACTFAILURE: We compiled the project into contracts, and some of the tests failed.
array-foreach:ECONTRACTFAILURE: We compiled the project into contracts, and some of the tests failed.
checksum:ECONTRACTFAILURE: We compiled the project into contracts, and some of the tests failed.
clownface:ECONTRACTFAILURE: We compiled the project into contracts, and some of the tests failed.
stream-csv-as-json:ECONTRACTFAILURE: We compiled the project into contracts, and some of the tests failed.
args:ECONTRACTFAILURE: We compiled the project into contracts, and some of the tests failed.
concat-stream:ECONTRACTFAILURE: We compiled the project into contracts, and some of the tests failed.
tough-cookie-file-store:ECONTRACTFAILURE: We compiled the project into contracts, and some of the tests failed.
sasl-plain:ECONTRACTFAILURE: We compiled the project into contracts, and some of the tests failed.
colornames:ECONTRACTFAILURE: We compiled the project into contracts, and some of the tests failed.
safe-compare:ECONTRACTFAILURE: We compiled the project into contracts, and some of the tests failed.
jsonpointer:ECONTRACTFAILURE: We compiled the project into contracts, and some of the tests failed.
currency-formatter:ECONTRACTFAILURE: We compiled the project into contracts, and some of the tests failed.
iterate-iterator:ECONTRACTFAILURE: We compiled the project into contracts, and some of the tests failed.
array-sort:ECONTRACTFAILURE: We compiled the project into contracts, and some of the tests failed.
set-value:ECONTRACTFAILURE: We compiled the project into contracts, and some of the tests failed.
set-cookie-parser:ECONTRACTFAILURE: We compiled the project into contracts, and some of the tests failed.
mapbox-gl-leaflet:ECONTRACTFAILURE: We compiled the project into contracts, and some of the tests failed.
country-list:ECONTRACTFAILURE: We compiled the project into contracts, and some of the tests failed.
parent-package-json:ECONTRACTFAILURE: We compiled the project into contracts, and some of the tests failed.
lqip-modern:ECONTRACTFAILURE: We compiled the project into contracts, and some of the tests failed.
express-busboy:ECONTRACTFAILURE: We compiled the project into contracts, and some of the tests failed.
jsuri:ECONTRACTFAILURE: We compiled the project into contracts, and some of the tests failed.
cwd:ECONTRACTFAILURE: We compiled the project into contracts, and some of the tests failed.
sentiment:ECONTRACTFAILURE: We compiled the project into contracts, and some of the tests failed.
electron-prompt:ECONTRACTFAILURE: We compiled the project into contracts, and some of the tests failed.
tern:ECONTRACTFAILURE: We compiled the project into contracts, and some of the tests failed.
hjson:ECONTRACTFAILURE: We compiled the project into contracts, and some of the tests failed.
w3c-xmlserializer:ECONTRACTFAILURE: We compiled the project into contracts, and some of the tests failed.
xml-crypto:ECONTRACTFAILURE: We compiled the project into contracts, and some of the tests failed.
gulp-angular-templatecache:ECONTRACTFAILURE: We compiled the project into contracts, and some of the tests failed.
simple-diff:ECONTRACTFAILURE: We compiled the project into contracts, and some of the tests failed.
winston-syslog:ECONTRACTFAILURE: We compiled the project into contracts, and some of the tests failed.
url-assembler:ECONTRACTFAILURE: We compiled the project into contracts, and some of the tests failed.
pascalcase:ECONTRACTFAILURE: We compiled the project into contracts, and some of the tests failed.
fast-memory-cache:ECONTRACTFAILURE: We compiled the project into contracts, and some of the tests failed.
bit-twiddle:ECONTRACTFAILURE: We compiled the project into contracts, and some of the tests failed.
gulp-header:ECONTRACTFAILURE: We compiled the project into contracts, and some of the tests failed.
geopattern:ECONTRACTFAILURE: We compiled the project into contracts, and some of the tests failed.
binary-split:ECONTRACTFAILURE: We compiled the project into contracts, and some of the tests failed.
klaw-sync:ECONTRACTFAILURE: We compiled the project into contracts, and some of the tests failed.
combine-reducers:ECONTRACTFAILURE: We compiled the project into contracts, and some of the tests failed.
promised-temp:ECONTRACTFAILURE: We compiled the project into contracts, and some of the tests failed.
array.prototype.flatmap:ECONTRACTFAILURE: We compiled the project into contracts, and some of the tests failed.
typedarray-pool:ECONTRACTFAILURE: We compiled the project into contracts, and some of the tests failed.
cwise-parser:ECONTRACTFAILURE: We compiled the project into contracts, and some of the tests failed.
graceful-fs:ECONTRACTFAILURE: We compiled the project into contracts, and some of the tests failed.
object.fromentries:ECONTRACTFAILURE: We compiled the project into contracts, and some of the tests failed.
denodeify:ECONTRACTFAILURE: We compiled the project into contracts, and some of the tests failed.
7zip-min:ECONTRACTFAILURE: We compiled the project into contracts, and some of the tests failed.
mkdirp:ECONTRACTFAILURE: We compiled the project into contracts, and some of the tests failed.
apicache:ECONTRACTFAILURE: We compiled the project into contracts, and some of the tests failed.
accept-language-parser:ECONTRACTFAILURE: We compiled the project into contracts, and some of the tests failed.
koa-proxy:ECONTRACTFAILURE: We compiled the project into contracts, and some of the tests failed.
nopt:ECONTRACTFAILURE: We compiled the project into contracts, and some of the tests failed.
task-graph-runner:ECONTRACTFAILURE: We compiled the project into contracts, and some of the tests failed.
safe-timers:ECONTRACTFAILURE: We compiled the project into contracts, and some of the tests failed.
xml-escape:ECONTRACTFAILURE: We compiled the project into contracts, and some of the tests failed.
npm-cache-filename:ECONTRACTFAILURE: We compiled the project into contracts, and some of the tests failed.
kcors:ECONTRACTFAILURE: We compiled the project into contracts, and some of the tests failed.
byline:ECONTRACTFAILURE: We compiled the project into contracts, and some of the tests failed.
setup-polly-jest:ECONTRACTFAILURE: We compiled the project into contracts, and some of the tests failed.
gradient-string:ECONTRACTFAILURE: We compiled the project into contracts, and some of the tests failed.
shimmer:ECONTRACTFAILURE: We compiled the project into contracts, and some of the tests failed.
dkim-signer:ECONTRACTFAILURE: We compiled the project into contracts, and some of the tests failed.
dashify:ECONTRACTFAILURE: We compiled the project into contracts, and some of the tests failed.
store:ECONTRACTFAILURE: We compiled the project into contracts, and some of the tests failed.
bip38:ECONTRACTFAILURE: We compiled the project into contracts, and some of the tests failed.
git-rev-sync:ECONTRACTFAILURE: We compiled the project into contracts, and some of the tests failed.
decomment:ECONTRACTFAILURE: We compiled the project into contracts, and some of the tests failed.
gulp-pug-linter:ECONTRACTFAILURE: We compiled the project into contracts, and some of the tests failed.
properties-reader:ECONTRACTFAILURE: We compiled the project into contracts, and some of the tests failed.
express-paginate:ECONTRACTFAILURE: We compiled the project into contracts, and some of the tests failed.
is-arguments:ECONTRACTFAILURE: We compiled the project into contracts, and some of the tests failed.
isexe:ECONTRACTFAILURE: We compiled the project into contracts, and some of the tests failed.
timer-machine:ECONTRACTFAILURE: We compiled the project into contracts, and some of the tests failed.
joi-phone-number:ECONTRACTFAILURE: We compiled the project into contracts, and some of the tests failed.
node-phpass:ECONTRACTFAILURE: We compiled the project into contracts, and some of the tests failed.
node-dijkstra:ECONTRACTFAILURE: We compiled the project into contracts, and some of the tests failed.
chalk-animation:ECONTRACTFAILURE: We compiled the project into contracts, and some of the tests failed.
buffer-equal:ECONTRACTFAILURE: We compiled the project into contracts, and some of the tests failed.
webpack-hot-middleware:ECONTRACTFAILURE: We compiled the project into contracts, and some of the tests failed.
cron:ECONTRACTFAILURE: We compiled the project into contracts, and some of the tests failed.
loadware:ECONTRACTFAILURE: We compiled the project into contracts, and some of the tests failed.
parse-author:ECONTRACTFAILURE: We compiled the project into contracts, and some of the tests failed.
are-we-there-yet:ECONTRACTFAILURE: We compiled the project into contracts, and some of the tests failed.
http-build-query:ECONTRACTFAILURE: We compiled the project into contracts, and some of the tests failed.
object-inspect:ECONTRACTFAILURE: We compiled the project into contracts, and some of the tests failed.
honeybadger:ECONTRACTFAILURE: We compiled the project into contracts, and some of the tests failed.
react-hyperscript:ECONTRACTFAILURE: We compiled the project into contracts, and some of the tests failed.
json-query:ECONTRACTFAILURE: We compiled the project into contracts, and some of the tests failed.
use-ackee:ECONTRACTFAILURE: We compiled the project into contracts, and some of the tests failed.
which:ECONTRACTFAILURE: We compiled the project into contracts, and some of the tests failed.
node-redmine:ECONTRACTFAILURE: We compiled the project into contracts, and some of the tests failed.
sass-graph:ECONTRACTFAILURE: We compiled the project into contracts, and some of the tests failed.
spellchecker:ECONTRACTFAILURE: We compiled the project into contracts, and some of the tests failed.
luaparse:ECONTRACTFAILURE: We compiled the project into contracts, and some of the tests failed.
host-validation:ECONTRACTFAILURE: We compiled the project into contracts, and some of the tests failed.
json2csv:ECONTRACTFAILURE: We compiled the project into contracts, and some of the tests failed.
koa-cors:ECONTRACTFAILURE: We compiled the project into contracts, and some of the tests failed.
murmurhash3js-revisited:ECONTRACTFAILURE: We compiled the project into contracts, and some of the tests failed.
sasl-external:ECONTRACTFAILURE: We compiled the project into contracts, and some of the tests failed.
is-secret:ECONTRACTFAILURE: We compiled the project into contracts, and some of the tests failed.
parse-cache-control:ECONTRACTFAILURE: We compiled the project into contracts, and some of the tests failed.
array-initial:ECONTRACTFAILURE: We compiled the project into contracts, and some of the tests failed.
globalthis:ECONTRACTFAILURE: We compiled the project into contracts, and some of the tests failed.
checkstyle-formatter:ECONTRACTFAILURE: We compiled the project into contracts, and some of the tests failed.
merge2:ECONTRACTFAILURE: We compiled the project into contracts, and some of the tests failed.
validate-npm-package-name:ECONTRACTFAILURE: We compiled the project into contracts, and some of the tests failed.
elementary-circuits-directed-graph:ECONTRACTFAILURE: We compiled the project into contracts, and some of the tests failed.
country-list-js:ECONTRACTFAILURE: We compiled the project into contracts, and some of the tests failed.
loopbench:ECONTRACTFAILURE: We compiled the project into contracts, and some of the tests failed.
jsreport:ECONTRACTFAILURE: We compiled the project into contracts, and some of the tests failed.
object.pick:ECONTRACTFAILURE: We compiled the project into contracts, and some of the tests failed.
change-case-object:ECONTRACTFAILURE: We compiled the project into contracts, and some of the tests failed.
gulp-csso:ECONTRACTFAILURE: We compiled the project into contracts, and some of the tests failed.
format-duration:ECONTRACTFAILURE: We compiled the project into contracts, and some of the tests failed.
iso-3166-2:ECONTRACTFAILURE: We compiled the project into contracts, and some of the tests failed.
worker-threads-pool:ECONTRACTFAILURE: We compiled the project into contracts, and some of the tests failed.
parse-color:ECONTRACTFAILURE: We compiled the project into contracts, and some of the tests failed.
string.prototype.matchall:ECONTRACTFAILURE: We compiled the project into contracts, and some of the tests failed.
box-intersect:ECONTRACTFAILURE: We compiled the project into contracts, and some of the tests failed.
aws-param-store:ECONTRACTFAILURE: We compiled the project into contracts, and some of the tests failed.
simple-query-string:ECONTRACTFAILURE: We compiled the project into contracts, and some of the tests failed.
throng:ECONTRACTFAILURE: We compiled the project into contracts, and some of the tests failed.
sorted-array-functions:ECONTRACTFAILURE: We compiled the project into contracts, and some of the tests failed.
rc:ECONTRACTFAILURE: We compiled the project into contracts, and some of the tests failed.
express-useragent:ECONTRACTFAILURE: We compiled the project into contracts, and some of the tests failed.
russian-nouns-js:ECONTRACTFAILURE: We compiled the project into contracts, and some of the tests failed.
reserved-words:ECONTRACTFAILURE: We compiled the project into contracts, and some of the tests failed.
cli-box:ECONTRACTFAILURE: We compiled the project into contracts, and some of the tests failed.
sm-crypto:ECONTRACTFAILURE: We compiled the project into contracts, and some of the tests failed.
wait-on:ECONTRACTFAILURE: We compiled the project into contracts, and some of the tests failed.
string-template:ECONTRACTFAILURE: We compiled the project into contracts, and some of the tests failed.
yallist:ECONTRACTFAILURE: We compiled the project into contracts, and some of the tests failed.
npm-package-arg:ECONTRACTFAILURE: We compiled the project into contracts, and some of the tests failed.
voucher-code-generator:ECONTRACTFAILURE: We compiled the project into contracts, and some of the tests failed.
jest-image-snapshot:ECONTRACTFAILURE: We compiled the project into contracts, and some of the tests failed.
superfine:ECONTRACTFAILURE: We compiled the project into contracts, and some of the tests failed.
probability-distributions:ECONTRACTFAILURE: We compiled the project into contracts, and some of the tests failed.
group-array:ECONTRACTFAILURE: We compiled the project into contracts, and some of the tests failed.
joigoose:ECONTRACTFAILURE: We compiled the project into contracts, and some of the tests failed.
markdown-magic:ECONTRACTFAILURE: We compiled the project into contracts, and some of the tests failed.
to-px:ECONTRACTFAILURE: We compiled the project into contracts, and some of the tests failed.
modular-scale:ECONTRACTFAILURE: We compiled the project into contracts, and some of the tests failed.
ajv-pack:ECONTRACTFAILURE: We compiled the project into contracts, and some of the tests failed.
justified-layout:ECONTRACTFAILURE: We compiled the project into contracts, and some of the tests failed.
express-list-endpoints:ECONTRACTFAILURE: We compiled the project into contracts, and some of the tests failed.
gaze:ECONTRACTFAILURE: We compiled the project into contracts, and some of the tests failed.
humps:ECONTRACTFAILURE: We compiled the project into contracts, and some of the tests failed.
qs-middleware:ECONTRACTFAILURE: We compiled the project into contracts, and some of the tests failed.
busboy:ECONTRACTFAILURE: We compiled the project into contracts, and some of the tests failed.
unzip-stream:ECONTRACTFAILURE: We compiled the project into contracts, and some of the tests failed.
parse-env-string:ECONTRACTFAILURE: We compiled the project into contracts, and some of the tests failed.
flagged-respawn:ECONTRACTFAILURE: We compiled the project into contracts, and some of the tests failed.
jalaali-js:ECONTRACTFAILURE: We compiled the project into contracts, and some of the tests failed.
create-xpub:ECONTRACTFAILURE: We compiled the project into contracts, and some of the tests failed.
bonjour:ECONTRACTFAILURE: We compiled the project into contracts, and some of the tests failed.
redux-action-utils:ECONTRACTFAILURE: We compiled the project into contracts, and some of the tests failed.
koa-bouncer:ECONTRACTFAILURE: We compiled the project into contracts, and some of the tests failed.
shortid:ECONTRACTFAILURE: We compiled the project into contracts, and some of the tests failed.
is-regex:ECONTRACTFAILURE: We compiled the project into contracts, and some of the tests failed.
parse-prefer-header:ECONTRACTFAILURE: We compiled the project into contracts, and some of the tests failed.
jsontoxml:ECONTRACTFAILURE: We compiled the project into contracts, and some of the tests failed.
move-concurrently:ECONTRACTFAILURE: We compiled the project into contracts, and some of the tests failed.
cwise-compiler:ECONTRACTFAILURE: We compiled the project into contracts, and some of the tests failed.
rdf-transform-triple-to-quad:ECONTRACTFAILURE: We compiled the project into contracts, and some of the tests failed.
data-api-client:ECONTRACTFAILURE: We compiled the project into contracts, and some of the tests failed.
password-hash:ECONTRACTFAILURE: We compiled the project into contracts, and some of the tests failed.
redact-secrets:ECONTRACTFAILURE: We compiled the project into contracts, and some of the tests failed.
std-mocks:ECONTRACTFAILURE: We compiled the project into contracts, and some of the tests failed.
bdfjs:ECONTRACTFAILURE: We compiled the project into contracts, and some of the tests failed.
glob-base:ECONTRACTFAILURE: We compiled the project into contracts, and some of the tests failed.
thunky:ECONTRACTFAILURE: We compiled the project into contracts, and some of the tests failed.
deindent:ECONTRACTFAILURE: We compiled the project into contracts, and some of the tests failed.
rename:ECONTRACTFAILURE: We compiled the project into contracts, and some of the tests failed.
window-or-global:ECONTRACTFAILURE: We compiled the project into contracts, and some of the tests failed.
gulp-rename:ECONTRACTFAILURE: We compiled the project into contracts, and some of the tests failed.
is-object:ECONTRACTFAILURE: We compiled the project into contracts, and some of the tests failed.
jmespath:ECONTRACTFAILURE: We compiled the project into contracts, and some of the tests failed.
impress:ECONTRACTFAILURE: We compiled the project into contracts, and some of the tests failed.
has-package-self-reference:ECONTRACTFAILURE: We compiled the project into contracts, and some of the tests failed.
css-mediaquery:ECONTRACTFAILURE: We compiled the project into contracts, and some of the tests failed.
convert-source-map:ECONTRACTFAILURE: We compiled the project into contracts, and some of the tests failed.
koa-xml-body:ECONTRACTFAILURE: We compiled the project into contracts, and some of the tests failed.
generate-json-webpack-plugin:ECONTRACTFAILURE: We compiled the project into contracts, and some of the tests failed.
global-modules-path:ECONTRACTFAILURE: We compiled the project into contracts, and some of the tests failed.
xmldoc:ECONTRACTFAILURE: We compiled the project into contracts, and some of the tests failed.
murmurhash3js:ECONTRACTFAILURE: We compiled the project into contracts, and some of the tests failed.
absolute:ECONTRACTFAILURE: We compiled the project into contracts, and some of the tests failed.
shippo:ECONTRACTFAILURE: We compiled the project into contracts, and some of the tests failed.
feather-route-matcher:ECONTRACTFAILURE: We compiled the project into contracts, and some of the tests failed.
express-http-proxy:ECONTRACTFAILURE: We compiled the project into contracts, and some of the tests failed.
kss:ECONTRACTFAILURE: We compiled the project into contracts, and some of the tests failed.
ansicolors:ECONTRACTFAILURE: We compiled the project into contracts, and some of the tests failed.
i18n-abide:ECONTRACTFAILURE: We compiled the project into contracts, and some of the tests failed.
cabarc:ECONTRACTFAILURE: We compiled the project into contracts, and some of the tests failed.
mustache-express:ECONTRACTFAILURE: We compiled the project into contracts, and some of the tests failed.
concat-map:ECONTRACTFAILURE: We compiled the project into contracts, and some of the tests failed.
npmlog:ECONTRACTFAILURE: We compiled the project into contracts, and some of the tests failed.
kms-json:ECONTRACTFAILURE: We compiled the project into contracts, and some of the tests failed.
whatwg-encoding:ECONTRACTFAILURE: We compiled the project into contracts, and some of the tests failed.
strong-log-transformer:ECONTRACTFAILURE: We compiled the project into contracts, and some of the tests failed.
chai-things:ECONTRACTFAILURE: We compiled the project into contracts, and some of the tests failed.
polygons-intersect:ECONTRACTFAILURE: We compiled the project into contracts, and some of the tests failed.
dotenv-flow:ECONTRACTFAILURE: We compiled the project into contracts, and some of the tests failed.
bash-glob:ECONTRACTFAILURE: We compiled the project into contracts, and some of the tests failed.
utils-merge:ECONTRACTFAILURE: We compiled the project into contracts, and some of the tests failed.
ffprobe:ECONTRACTFAILURE: We compiled the project into contracts, and some of the tests failed.
crossfilter:ECONTRACTFAILURE: We compiled the project into contracts, and some of the tests failed.
test-console:ECONTRACTFAILURE: We compiled the project into contracts, and some of the tests failed.
frisby:ECONTRACTFAILURE: We compiled the project into contracts, and some of the tests failed.
country-data:ECONTRACTFAILURE: We compiled the project into contracts, and some of the tests failed.
ghauth:ECONTRACTFAILURE: We compiled the project into contracts, and some of the tests failed.
express-request-id:ECONTRACTFAILURE: We compiled the project into contracts, and some of the tests failed.
pubsub-js:ECONTRACTFAILURE: We compiled the project into contracts, and some of the tests failed.
mousetrap:ECONTRACTFAILURE: We compiled the project into contracts, and some of the tests failed.
shell-quote:ECONTRACTFAILURE: We compiled the project into contracts, and some of the tests failed.
sqlite3:ECONTRACTFAILURE: We compiled the project into contracts, and some of the tests failed.
koa-send:ECONTRACTFAILURE: We compiled the project into contracts, and some of the tests failed.
stream-each:ECONTRACTFAILURE: We compiled the project into contracts, and some of the tests failed.
intersperse:ECONTRACTFAILURE: We compiled the project into contracts, and some of the tests failed.
datadog-metrics:ECONTRACTFAILURE: We compiled the project into contracts, and some of the tests failed.
express-rate-limit:ECONTRACTFAILURE: We compiled the project into contracts, and some of the tests failed.
inline-critical:ECONTRACTFAILURE: We compiled the project into contracts, and some of the tests failed.
generic-functions:ECONTRACTFAILURE: We compiled the project into contracts, and some of the tests failed.
money-math:ECONTRACTFAILURE: We compiled the project into contracts, and some of the tests failed.
pouchdb-adapter-cordova-sqlite:ECONTRACTFAILURE: We compiled the project into contracts, and some of the tests failed.
html5-history:ECONTRACTFAILURE: We compiled the project into contracts, and some of the tests failed.
weak-napi:ECONTRACTFAILURE: We compiled the project into contracts, and some of the tests failed.
symlink-or-copy:ECONTRACTFAILURE: We compiled the project into contracts, and some of the tests failed.
randomstring:ECONTRACTFAILURE: We compiled the project into contracts, and some of the tests failed.
node-abi:ECONTRACTFAILURE: We compiled the project into contracts, and some of the tests failed.
yadda:ECONTRACTFAILURE: We compiled the project into contracts, and some of the tests failed.
semaphore:ECONTRACTFAILURE: We compiled the project into contracts, and some of the tests failed.
audio-play:ECONTRACTFAILURE: We compiled the project into contracts, and some of the tests failed.
dependency-solver:ECONTRACTFAILURE: We compiled the project into contracts, and some of the tests failed.
promise-nodeify:ECONTRACTFAILURE: We compiled the project into contracts, and some of the tests failed.
event-loop-lag:ECONTRACTFAILURE: We compiled the project into contracts, and some of the tests failed.
proxy-verifier:ECONTRACTFAILURE: We compiled the project into contracts, and some of the tests failed.
style-search:ECONTRACTFAILURE: We compiled the project into contracts, and some of the tests failed.
mmmagic:ECONTRACTFAILURE: We compiled the project into contracts, and some of the tests failed.
ini:ECONTRACTFAILURE: We compiled the project into contracts, and some of the tests failed.
furigana-markdown-it:ECONTRACTFAILURE: We compiled the project into contracts, and some of the tests failed.
pipes-and-filters:ECONTRACTFAILURE: We compiled the project into contracts, and some of the tests failed.
node-cron:ECONTRACTFAILURE: We compiled the project into contracts, and some of the tests failed.
minizlib:ECONTRACTFAILURE: We compiled the project into contracts, and some of the tests failed.
pretty-time:ECONTRACTFAILURE: We compiled the project into contracts, and some of the tests failed.
postcss-reporter:ECONTRACTFAILURE: We compiled the project into contracts, and some of the tests failed.
leaflet-fullscreen:ECONTRACTFAILURE: We compiled the project into contracts, and some of the tests failed.
d20:ECONTRACTFAILURE: We compiled the project into contracts, and some of the tests failed.
bero:ECONTRACTFAILURE: We compiled the project into contracts, and some of the tests failed.
progress-stream:ECONTRACTFAILURE: We compiled the project into contracts, and some of the tests failed.
ref-array-di:ECONTRACTFAILURE: We compiled the project into contracts, and some of the tests failed.
read-package-tree:ECONTRACTFAILURE: We compiled the project into contracts, and some of the tests failed.
logg:ECONTRACTFAILURE: We compiled the project into contracts, and some of the tests failed.
jest-in-case:ECONTRACTFAILURE: We compiled the project into contracts, and some of the tests failed.
define-properties:ECONTRACTFAILURE: We compiled the project into contracts, and some of the tests failed.
format-unicorn:ECONTRACTFAILURE: We compiled the project into contracts, and some of the tests failed.
express-ejs-layouts:ECONTRACTFAILURE: We compiled the project into contracts, and some of the tests failed.
protocol-buffers-schema:ECONTRACTFAILURE: We compiled the project into contracts, and some of the tests failed.
sha256-file:ECONTRACTFAILURE: We compiled the project into contracts, and some of the tests failed.
internal-slot:ECONTRACTFAILURE: We compiled the project into contracts, and some of the tests failed.
jest-axe:ECONTRACTFAILURE: We compiled the project into contracts, and some of the tests failed.
sns-validator:ECONTRACTFAILURE: We compiled the project into contracts, and some of the tests failed.
stream-buffers:ECONTRACTFAILURE: We compiled the project into contracts, and some of the tests failed.
kind-of:ECONTRACTFAILURE: We compiled the project into contracts, and some of the tests failed.
warning:ECONTRACTFAILURE: We compiled the project into contracts, and some of the tests failed.
color-namer:ECONTRACTFAILURE: We compiled the project into contracts, and some of the tests failed.
pick-deep:ECONTRACTFAILURE: We compiled the project into contracts, and some of the tests failed.
karma-chrome-launcher:ECONTRACTFAILURE: We compiled the project into contracts, and some of the tests failed.
object.getownpropertydescriptors:ECONTRACTFAILURE: We compiled the project into contracts, and some of the tests failed.
defaults:ECONTRACTFAILURE: We compiled the project into contracts, and some of the tests failed.
has-symbols:ECONTRACTFAILURE: We compiled the project into contracts, and some of the tests failed.
is-odd:ECONTRACTFAILURE: We compiled the project into contracts, and some of the tests failed.
lambda-log:ECONTRACTFAILURE: We compiled the project into contracts, and some of the tests failed.
superagent-retry-delay:ECONTRACTFAILURE: We compiled the project into contracts, and some of the tests failed.
labeled-stream-splicer:ECONTRACTFAILURE: We compiled the project into contracts, and some of the tests failed.
nconf:ECONTRACTFAILURE: We compiled the project into contracts, and some of the tests failed.
from2:ECONTRACTFAILURE: We compiled the project into contracts, and some of the tests failed.
promise-timeout:ECONTRACTFAILURE: We compiled the project into contracts, and some of the tests failed.
vigour-ua:ECONTRACTFAILURE: We compiled the project into contracts, and some of the tests failed.
kafka-node-avro:ECONTRACTFAILURE: We compiled the project into contracts, and some of the tests failed.
json2md:ECONTRACTFAILURE: We compiled the project into contracts, and some of the tests failed.
tile-reduce:ECONTRACTFAILURE: We compiled the project into contracts, and some of the tests failed.
redux-watch:ECONTRACTFAILURE: We compiled the project into contracts, and some of the tests failed.
field:ECONTRACTFAILURE: We compiled the project into contracts, and some of the tests failed.
is-base64:ECONTRACTFAILURE: We compiled the project into contracts, and some of the tests failed.
superagent-bunyan:ECONTRACTFAILURE: We compiled the project into contracts, and some of the tests failed.
pidusage:ECONTRACTFAILURE: We compiled the project into contracts, and some of the tests failed.
grecaptcha:ECONTRACTFAILURE: We compiled the project into contracts, and some of the tests failed.
freeport:ECONTRACTFAILURE: We compiled the project into contracts, and some of the tests failed.
json2mq:ECONTRACTFAILURE: We compiled the project into contracts, and some of the tests failed.
ip6addr:ECONTRACTFAILURE: We compiled the project into contracts, and some of the tests failed.
uuid-1345:ECONTRACTFAILURE: We compiled the project into contracts, and some of the tests failed.
static-eval:ECONTRACTFAILURE: We compiled the project into contracts, and some of the tests failed.
empty-dir:ECONTRACTFAILURE: We compiled the project into contracts, and some of the tests failed.
through:ECONTRACTFAILURE: We compiled the project into contracts, and some of the tests failed.
mutexify:ECONTRACTFAILURE: We compiled the project into contracts, and some of the tests failed.
sanitize-html:ECONTRACTFAILURE: We compiled the project into contracts, and some of the tests failed.
gulp-help:ECONTRACTFAILURE: We compiled the project into contracts, and some of the tests failed.
isomorphic-fetch:ECONTRACTFAILURE: We compiled the project into contracts, and some of the tests failed.
progressbar:ECONTRACTFAILURE: We compiled the project into contracts, and some of the tests failed.
is-uuid:ECONTRACTFAILURE: We compiled the project into contracts, and some of the tests failed.
node-cleanup:ECONTRACTFAILURE: We compiled the project into contracts, and some of the tests failed.
parse-full-name:ECONTRACTFAILURE: We compiled the project into contracts, and some of the tests failed.
html-truncate:ECONTRACTFAILURE: We compiled the project into contracts, and some of the tests failed.
doge-seed:ECONTRACTFAILURE: We compiled the project into contracts, and some of the tests failed.
mouse-event-offset:ECONTRACTFAILURE: We compiled the project into contracts, and some of the tests failed.
json-file-plus:ECONTRACTFAILURE: We compiled the project into contracts, and some of the tests failed.
js-nacl:ECONTRACTFAILURE: We compiled the project into contracts, and some of the tests failed.
hex-rgba:ECONTRACTFAILURE: We compiled the project into contracts, and some of the tests failed.
saywhen:ECONTRACTFAILURE: We compiled the project into contracts, and some of the tests failed.
node-isbn:ECONTRACTFAILURE: We compiled the project into contracts, and some of the tests failed.
server:ECONTRACTFAILURE: We compiled the project into contracts, and some of the tests failed.
pluralize:ECONTRACTFAILURE: We compiled the project into contracts, and some of the tests failed.
main-bower-files:ECONTRACTFAILURE: We compiled the project into contracts, and some of the tests failed.
graphql-upload:ECONTRACTFAILURE: We compiled the project into contracts, and some of the tests failed.
safer-buffer:ECONTRACTFAILURE: We compiled the project into contracts, and some of the tests failed.
ndarray:ECONTRACTFAILURE: We compiled the project into contracts, and some of the tests failed.
pkcs7-padding:ECONTRACTFAILURE: We compiled the project into contracts, and some of the tests failed.
bases:ECONTRACTFAILURE: We compiled the project into contracts, and some of the tests failed.
koa-logger:ECONTRACTFAILURE: We compiled the project into contracts, and some of the tests failed.
combined-stream:ECONTRACTFAILURE: We compiled the project into contracts, and some of the tests failed.
chai-html:ECONTRACTFAILURE: We compiled the project into contracts, and some of the tests failed.
connect-slashes:ECONTRACTFAILURE: We compiled the project into contracts, and some of the tests failed.
async-writer:ECONTRACTFAILURE: We compiled the project into contracts, and some of the tests failed.
dynamodb:ECONTRACTFAILURE: We compiled the project into contracts, and some of the tests failed.
connect-history-api-fallback:ECONTRACTFAILURE: We compiled the project into contracts, and some of the tests failed.
oja:ECONTRACTFAILURE: We compiled the project into contracts, and some of the tests failed.
ng-stomp:ECONTRACTFAILURE: We compiled the project into contracts, and some of the tests failed.
csso:ECONTRACTFAILURE: We compiled the project into contracts, and some of the tests failed.
x509.js:ECONTRACTFAILURE: We compiled the project into contracts, and some of the tests failed.
git-repo-name:ECONTRACTFAILURE: We compiled the project into contracts, and some of the tests failed.
qs:ECONTRACTFAILURE: We compiled the project into contracts, and some of the tests failed.
json-stable-stringify:ECONTRACTFAILURE: We compiled the project into contracts, and some of the tests failed.
graphql-depth-limit:ECONTRACTFAILURE: We compiled the project into contracts, and some of the tests failed.
es-abstract:ECONTRACTFAILURE: We compiled the project into contracts, and some of the tests failed.
stream-json:ECONTRACTFAILURE: We compiled the project into contracts, and some of the tests failed.
samlp:ECONTRACTFAILURE: We compiled the project into contracts, and some of the tests failed.
graylog2:ECONTRACTFAILURE: We compiled the project into contracts, and some of the tests failed.
gulp-sourcemaps:ECONTRACTFAILURE: We compiled the project into contracts, and some of the tests failed.
es-to-primitive:ECONTRACTFAILURE: We compiled the project into contracts, and some of the tests failed.
slackify-html:ECONTRACTFAILURE: We compiled the project into contracts, and some of the tests failed.
object-diff:ECONTRACTFAILURE: We compiled the project into contracts, and some of the tests failed.
mitm:ECONTRACTFAILURE: We compiled the project into contracts, and some of the tests failed.
rechoir:ECONTRACTFAILURE: We compiled the project into contracts, and some of the tests failed.
randomatic:ECONTRACTFAILURE: We compiled the project into contracts, and some of the tests failed.
gbk.js:ECONTRACTFAILURE: We compiled the project into contracts, and some of the tests failed.
compare-function:ECONTRACTFAILURE: We compiled the project into contracts, and some of the tests failed.
lockfile:ECONTRACTFAILURE: We compiled the project into contracts, and some of the tests failed.
better-curry:ECONTRACTFAILURE: We compiled the project into contracts, and some of the tests failed.
get-intrinsic:ECONTRACTFAILURE: We compiled the project into contracts, and some of the tests failed.
sequencify:ECONTRACTFAILURE: We compiled the project into contracts, and some of the tests failed.
is-date-object:ECONTRACTFAILURE: We compiled the project into contracts, and some of the tests failed.
steed:ECONTRACTFAILURE: We compiled the project into contracts, and some of the tests failed.
exorcist:ECONTRACTFAILURE: We compiled the project into contracts, and some of the tests failed.
imperium:ECONTRACTFAILURE: We compiled the project into contracts, and some of the tests failed.
wif:ECONTRACTFAILURE: We compiled the project into contracts, and some of the tests failed.
nspell:ECONTRACTFAILURE: We compiled the project into contracts, and some of the tests failed.
koa-cache-control:ECONTRACTFAILURE: We compiled the project into contracts, and some of the tests failed.
passport-cognito:ECONTRACTFAILURE: We compiled the project into contracts, and some of the tests failed.
subleveldown:ECONTRACTFAILURE: We compiled the project into contracts, and some of the tests failed.
parse-passwd:ECONTRACTFAILURE: We compiled the project into contracts, and some of the tests failed.
jotform-css.js:ECONTRACTFAILURE: We compiled the project into contracts, and some of the tests failed.
react-faux-dom:ECONTRACTFAILURE: We compiled the project into contracts, and some of the tests failed.
bitauth:ECONTRACTFAILURE: We compiled the project into contracts, and some of the tests failed.
winston-mail:ECONTRACTFAILURE: We compiled the project into contracts, and some of the tests failed.
express-sslify:ECONTRACTFAILURE: We compiled the project into contracts, and some of the tests failed.
crawler:ECONTRACTFAILURE: We compiled the project into contracts, and some of the tests failed.
asciichart:ECONTRACTFAILURE: We compiled the project into contracts, and some of the tests failed.
is-glob:ECONTRACTFAILURE: We compiled the project into contracts, and some of the tests failed.
shuffle-seed:ECONTRACTFAILURE: We compiled the project into contracts, and some of the tests failed.
write-file-atomic:ECONTRACTFAILURE: We compiled the project into contracts, and some of the tests failed.
node-sass-tilde-importer:ECONTRACTFAILURE: We compiled the project into contracts, and some of the tests failed.
nodemailer-express-handlebars:ECONTRACTFAILURE: We compiled the project into contracts, and some of the tests failed.
tcp-port-used:ECONTRACTFAILURE: We compiled the project into contracts, and some of the tests failed.
random-words:ECONTRACTFAILURE: We compiled the project into contracts, and some of the tests failed.
gettext-parser:ECONTRACTFAILURE: We compiled the project into contracts, and some of the tests failed.
node-static:ECONTRACTFAILURE: We compiled the project into contracts, and some of the tests failed.
parse-markdown-links:ECONTRACTFAILURE: We compiled the project into contracts, and some of the tests failed.
es-get-iterator:ECONTRACTFAILURE: We compiled the project into contracts, and some of the tests failed.
restify-cookies:ECONTRACTFAILURE: We compiled the project into contracts, and some of the tests failed.
moment-hijri:ECONTRACTFAILURE: We compiled the project into contracts, and some of the tests failed.
find-exec:ECONTRACTFAILURE: We compiled the project into contracts, and some of the tests failed.
bunyan-config:ECONTRACTFAILURE: We compiled the project into contracts, and some of the tests failed.
line-reader:ECONTRACTFAILURE: We compiled the project into contracts, and some of the tests failed.
falafel:ECONTRACTFAILURE: We compiled the project into contracts, and some of the tests failed.
tlf-log:ECONTRACTFAILURE: We compiled the project into contracts, and some of the tests failed.
uuid-with-v6:ECONTRACTFAILURE: We compiled the project into contracts, and some of the tests failed.
muri:ECONTRACTFAILURE: We compiled the project into contracts, and some of the tests failed.
serialize-javascript:ECONTRACTFAILURE: We compiled the project into contracts, and some of the tests failed.
csp-html-webpack-plugin:ECONTRACTFAILURE: We compiled the project into contracts, and some of the tests failed.
passport-oauth2-refresh:ECONTRACTFAILURE: We compiled the project into contracts, and some of the tests failed.
runmd:ECONTRACTFAILURE: We compiled the project into contracts, and some of the tests failed.
create-error:ECONTRACTFAILURE: We compiled the project into contracts, and some of the tests failed.
wrench:ECONTRACTFAILURE: We compiled the project into contracts, and some of the tests failed.
signal-exit:ECONTRACTFAILURE: We compiled the project into contracts, and some of the tests failed.
chloride:ECONTRACTFAILURE: We compiled the project into contracts, and some of the tests failed.
atom:ECONTRACTFAILURE: We compiled the project into contracts, and some of the tests failed.
deep-diff:ECONTRACTFAILURE: We compiled the project into contracts, and some of the tests failed.
express-form-data:ECONTRACTFAILURE: We compiled the project into contracts, and some of the tests failed.
express-slow-down:ECONTRACTFAILURE: We compiled the project into contracts, and some of the tests failed.
minimal-request-promise:ECONTRACTFAILURE: We compiled the project into contracts, and some of the tests failed.
hashset:ECONTRACTFAILURE: We compiled the project into contracts, and some of the tests failed.
validatorjs:ECONTRACTFAILURE: We compiled the project into contracts, and some of the tests failed.
linkify-markdown:ECONTRACTFAILURE: We compiled the project into contracts, and some of the tests failed.
gulp-inject:ECONTRACTFAILURE: We compiled the project into contracts, and some of the tests failed.
secure-random-string:ECONTRACTFAILURE: We compiled the project into contracts, and some of the tests failed.
swagger-restify-mw:ECONTRACTFAILURE: We compiled the project into contracts, and some of the tests failed.
config:ECONTRACTFAILURE: We compiled the project into contracts, and some of the tests failed.
matchdep:ECONTRACTFAILURE: We compiled the project into contracts, and some of the tests failed.
passport-vkontakte:ECONTRACTFAILURE: We compiled the project into contracts, and some of the tests failed.
runes:ECONTRACTFAILURE: We compiled the project into contracts, and some of the tests failed.
express-less:ECONTRACTFAILURE: We compiled the project into contracts, and some of the tests failed.
array-unique:ECONTRACTFAILURE: We compiled the project into contracts, and some of the tests failed.
pem-jwk:ECONTRACTFAILURE: We compiled the project into contracts, and some of the tests failed.
sax:ECONTRACTFAILURE: We compiled the project into contracts, and some of the tests failed.
get-folder-size:ECONTRACTFAILURE: We compiled the project into contracts, and some of the tests failed.
gulp-file-include:ECONTRACTFAILURE: We compiled the project into contracts, and some of the tests failed.
hdkey:ECONTRACTFAILURE: We compiled the project into contracts, and some of the tests failed.
glob-to-regexp:ECONTRACTFAILURE: We compiled the project into contracts, and some of the tests failed.
git-config:ECONTRACTFAILURE: We compiled the project into contracts, and some of the tests failed.
aws4:ECONTRACTFAILURE: We compiled the project into contracts, and some of the tests failed.
browser-resolve:ECONTRACTFAILURE: We compiled the project into contracts, and some of the tests failed.
fast-redact:ECONTRACTFAILURE: We compiled the project into contracts, and some of the tests failed.
html-encoding-sniffer:ECONTRACTFAILURE: We compiled the project into contracts, and some of the tests failed.
changelog-parser:ECONTRACTFAILURE: We compiled the project into contracts, and some of the tests failed.
koa-multer:ECONTRACTFAILURE: We compiled the project into contracts, and some of the tests failed.
safe-json-stringify:ECONTRACTFAILURE: We compiled the project into contracts, and some of the tests failed.
sasl-scram-sha-1:ECONTRACTFAILURE: We compiled the project into contracts, and some of the tests failed.
express-locale:ECONTRACTFAILURE: We compiled the project into contracts, and some of the tests failed.
hull.js:ECONTRACTFAILURE: We compiled the project into contracts, and some of the tests failed.
detect-libc:ECONTRACTFAILURE: We compiled the project into contracts, and some of the tests failed.
deep-extend:ECONTRACTFAILURE: We compiled the project into contracts, and some of the tests failed.
validate-npm-package:ECONTRACTFAILURE: We compiled the project into contracts, and some of the tests failed.
random-gradient:ECONTRACTFAILURE: We compiled the project into contracts, and some of the tests failed.
jsonrpc-serializer:ECONTRACTFAILURE: We compiled the project into contracts, and some of the tests failed.
tsscmp:ECONTRACTFAILURE: We compiled the project into contracts, and some of the tests failed.
lambda-tester:ECONTRACTFAILURE: We compiled the project into contracts, and some of the tests failed.
sockjs-client:ECONTRACTFAILURE: We compiled the project into contracts, and some of the tests failed.
klaw:ECONTRACTFAILURE: We compiled the project into contracts, and some of the tests failed.
globule:ECONTRACTFAILURE: We compiled the project into contracts, and some of the tests failed.
dot:ECONTRACTFAILURE: We compiled the project into contracts, and some of the tests failed.
jshint:ECONTRACTFAILURE: We compiled the project into contracts, and some of the tests failed.
webpack-clean:ECONTRACTFAILURE: We compiled the project into contracts, and some of the tests failed.
reflux:ECONTRACTFAILURE: We compiled the project into contracts, and some of the tests failed.
valid-url:ECONTRACTFAILURE: We compiled the project into contracts, and some of the tests failed.
gulp-protractor:ECONTRACTFAILURE: We compiled the project into contracts, and some of the tests failed.
sitemap2:ECONTRACTFAILURE: We compiled the project into contracts, and some of the tests failed.
handlebars-helpers:ECONTRACTFAILURE: We compiled the project into contracts, and some of the tests failed.
http-server:ECONTRACTFAILURE: We compiled the project into contracts, and some of the tests failed.
theo:ECONTRACTFAILURE: We compiled the project into contracts, and some of the tests failed.
screeps-profiler:ECONTRACTFAILURE: We compiled the project into contracts, and some of the tests failed.
jjve:ECONTRACTFAILURE: We compiled the project into contracts, and some of the tests failed.
ejson:ECONTRACTFAILURE: We compiled the project into contracts, and some of the tests failed.
codecs:ECONTRACTFAILURE: We compiled the project into contracts, and some of the tests failed.
min-indent:ECONTRACTFAILURE: We compiled the project into contracts, and some of the tests failed.
he:ECONTRACTFAILURE: We compiled the project into contracts, and some of the tests failed.
parsecurrency:ECONTRACTFAILURE: We compiled the project into contracts, and some of the tests failed.
nunjucks-date:ECONTRACTFAILURE: We compiled the project into contracts, and some of the tests failed.
findup-sync:ECONTRACTFAILURE: We compiled the project into contracts, and some of the tests failed.
koa-sslify:ECONTRACTFAILURE: We compiled the project into contracts, and some of the tests failed.
sitemap-generator:ECONTRACTFAILURE: We compiled the project into contracts, and some of the tests failed.
karma-junit-reporter:ECONTRACTFAILURE: We compiled the project into contracts, and some of the tests failed.
arr-union:ECONTRACTFAILURE: We compiled the project into contracts, and some of the tests failed.
axios-token-interceptor:ECONTRACTFAILURE: We compiled the project into contracts, and some of the tests failed.
passport-google-oauth2:ECONTRACTFAILURE: We compiled the project into contracts, and some of the tests failed.
webpack-manifest-plugin:ECONTRACTFAILURE: We compiled the project into contracts, and some of the tests failed.
parse-filepath:ECONTRACTFAILURE: We compiled the project into contracts, and some of the tests failed.
console-log-level:ECONTRACTFAILURE: We compiled the project into contracts, and some of the tests failed.
getos:ECONTRACTFAILURE: We compiled the project into contracts, and some of the tests failed.
hapi-decorators:ECONTRACTFAILURE: We compiled the project into contracts, and some of the tests failed.
is-valid-glob:ECONTRACTFAILURE: We compiled the project into contracts, and some of the tests failed.
init-package-json:ECONTRACTFAILURE: We compiled the project into contracts, and some of the tests failed.
ent:ECONTRACTFAILURE: We compiled the project into contracts, and some of the tests failed.
postal:ECONTRACTFAILURE: We compiled the project into contracts, and some of the tests failed.
icepick:ECONTRACTFAILURE: We compiled the project into contracts, and some of the tests failed.
bytewise:ECONTRACTFAILURE: We compiled the project into contracts, and some of the tests failed.
command-exists:ECONTRACTFAILURE: We compiled the project into contracts, and some of the tests failed.
parse-data-url:ECONTRACTFAILURE: We compiled the project into contracts, and some of the tests failed.
stats-lite:ECONTRACTFAILURE: We compiled the project into contracts, and some of the tests failed.
promise-the-world:ECONTRACTFAILURE: We compiled the project into contracts, and some of the tests failed.
pick-weight:ECONTRACTFAILURE: We compiled the project into contracts, and some of the tests failed.
git-username:ECONTRACTFAILURE: We compiled the project into contracts, and some of the tests failed.
logfmt:ECONTRACTFAILURE: We compiled the project into contracts, and some of the tests failed.
asap:ECONTRACTFAILURE: We compiled the project into contracts, and some of the tests failed.
util.promisify:ECONTRACTFAILURE: We compiled the project into contracts, and some of the tests failed.
flat:ECONTRACTFAILURE: We compiled the project into contracts, and some of the tests failed.
foreach:ECONTRACTFAILURE: We compiled the project into contracts, and some of the tests failed.
inline-css:ECONTRACTFAILURE: We compiled the project into contracts, and some of the tests failed.
rtl-detect:ECONTRACTFAILURE: We compiled the project into contracts, and some of the tests failed.
karma-summary-reporter:ECONTRACTFAILURE: We compiled the project into contracts, and some of the tests failed.
random-useragent:ECONTRACTFAILURE: We compiled the project into contracts, and some of the tests failed.
wellknown:ECONTRACTFAILURE: We compiled the project into contracts, and some of the tests failed.
es-aggregate-error:ECONTRACTFAILURE: We compiled the project into contracts, and some of the tests failed.
suncalc:ECONTRACTFAILURE: We compiled the project into contracts, and some of the tests failed.
nodemailer-html-to-text:ECONTRACTFAILURE: We compiled the project into contracts, and some of the tests failed.
glob-stream:ECONTRACTFAILURE: We compiled the project into contracts, and some of the tests failed.
gulp-postcss:ECONTRACTFAILURE: We compiled the project into contracts, and some of the tests failed.
redis-mock:ECONTRACTFAILURE: We compiled the project into contracts, and some of the tests failed.
rdf-data-model:ECONTRACTFAILURE: We compiled the project into contracts, and some of the tests failed.
globjoin:ECONTRACTFAILURE: We compiled the project into contracts, and some of the tests failed.
asn1:ECONTRACTFAILURE: We compiled the project into contracts, and some of the tests failed.
npm-run:ECONTRACTFAILURE: We compiled the project into contracts, and some of the tests failed.
eventsource:ECONTRACTFAILURE: We compiled the project into contracts, and some of the tests failed.
human-interval:ECONTRACTFAILURE: We compiled the project into contracts, and some of the tests failed.
pino-std-serializers:ECONTRACTFAILURE: We compiled the project into contracts, and some of the tests failed.
http-codes:ECONTRACTFAILURE: We compiled the project into contracts, and some of the tests failed.
yazl:ECONTRACTFAILURE: We compiled the project into contracts, and some of the tests failed.
accurate-interval:ECONTRACTFAILURE: We compiled the project into contracts, and some of the tests failed.
jsonpack:ECONTRACTFAILURE: We compiled the project into contracts, and some of the tests failed.
browser-pack:ECONTRACTFAILURE: We compiled the project into contracts, and some of the tests failed.
sasl-anonymous:ECONTRACTFAILURE: We compiled the project into contracts, and some of the tests failed.
deps-sort:ECONTRACTFAILURE: We compiled the project into contracts, and some of the tests failed.
nodecredstash:ECONTRACTFAILURE: We compiled the project into contracts, and some of the tests failed.
getenv:ECONTRACTFAILURE: We compiled the project into contracts, and some of the tests failed.
pretty-hrtime:ECONTRACTFAILURE: We compiled the project into contracts, and some of the tests failed.
ospec:ECONTRACTFAILURE: We compiled the project into contracts, and some of the tests failed.
tictactoejs:ECONTRACTFAILURE: We compiled the project into contracts, and some of the tests failed.
js-to-java:ECONTRACTFAILURE: We compiled the project into contracts, and some of the tests failed.
sinon-as-promised:ECONTRACTFAILURE: We compiled the project into contracts, and some of the tests failed.
set-link:ECONTRACTFAILURE: We compiled the project into contracts, and some of the tests failed.
triple-beam:ECONTRACTFAILURE: We compiled the project into contracts, and some of the tests failed.
humanize-ms:ECONTRACTFAILURE: We compiled the project into contracts, and some of the tests failed.
git-diff:ECONTRACTFAILURE: We compiled the project into contracts, and some of the tests failed.
readline-transform:ECONTRACTFAILURE: We compiled the project into contracts, and some of the tests failed.
circle-to-polygon:ECONTRACTFAILURE: We compiled the project into contracts, and some of the tests failed.
plist:ECONTRACTFAILURE: We compiled the project into contracts, and some of the tests failed.
c-struct:ECONTRACTFAILURE: We compiled the project into contracts, and some of the tests failed.
git-branch-is:ECONTRACTFAILURE: We compiled the project into contracts, and some of the tests failed.
promise-sequential:ECONTRACTFAILURE: We compiled the project into contracts, and some of the tests failed.
less-middleware:ECONTRACTFAILURE: We compiled the project into contracts, and some of the tests failed.
write:ECONTRACTFAILURE: We compiled the project into contracts, and some of the tests failed.
notp:ECONTRACTFAILURE: We compiled the project into contracts, and some of the tests failed.
ecurve:ECONTRACTFAILURE: We compiled the project into contracts, and some of the tests failed.
lzma-native:ECONTRACTFAILURE: We compiled the project into contracts, and some of the tests failed.
